mode: set
github.com/kyverno/kyverno/pkg/controllers/cleanup/controller.go:84.26,91.129 4 0
github.com/kyverno/kyverno/pkg/controllers/cleanup/controller.go:91.129,93.59 2 0
github.com/kyverno/kyverno/pkg/controllers/cleanup/controller.go:93.59,95.32 2 0
github.com/kyverno/kyverno/pkg/controllers/cleanup/controller.go:95.32,97.5 1 0
github.com/kyverno/kyverno/pkg/controllers/cleanup/controller.go:98.4,99.47 2 0
github.com/kyverno/kyverno/pkg/controllers/cleanup/controller.go:99.47,102.5 2 0
github.com/kyverno/kyverno/pkg/controllers/cleanup/controller.go:103.4,103.14 1 0
github.com/kyverno/kyverno/pkg/controllers/cleanup/controller.go:106.2,126.16 2 0
github.com/kyverno/kyverno/pkg/controllers/cleanup/controller.go:126.16,128.3 1 0
github.com/kyverno/kyverno/pkg/controllers/cleanup/controller.go:129.2,134.16 1 0
github.com/kyverno/kyverno/pkg/controllers/cleanup/controller.go:134.16,136.3 1 0
github.com/kyverno/kyverno/pkg/controllers/cleanup/controller.go:137.2,137.10 1 0
github.com/kyverno/kyverno/pkg/controllers/cleanup/controller.go:140.59,146.16 3 0
github.com/kyverno/kyverno/pkg/controllers/cleanup/controller.go:146.16,148.3 1 0
github.com/kyverno/kyverno/pkg/controllers/cleanup/controller.go:149.2,153.16 2 0
github.com/kyverno/kyverno/pkg/controllers/cleanup/controller.go:153.16,155.3 1 0
github.com/kyverno/kyverno/pkg/controllers/cleanup/controller.go:156.2,159.3 1 0
github.com/kyverno/kyverno/pkg/controllers/cleanup/controller.go:162.60,164.2 1 0
github.com/kyverno/kyverno/pkg/controllers/cleanup/controller.go:166.98,167.21 1 0
github.com/kyverno/kyverno/pkg/controllers/cleanup/controller.go:167.21,169.17 2 0
github.com/kyverno/kyverno/pkg/controllers/cleanup/controller.go:169.17,171.4 1 0
github.com/kyverno/kyverno/pkg/controllers/cleanup/controller.go:172.3,172.22 1 0
github.com/kyverno/kyverno/pkg/controllers/cleanup/controller.go:173.8,175.17 2 0
github.com/kyverno/kyverno/pkg/controllers/cleanup/controller.go:175.17,177.4 1 0
github.com/kyverno/kyverno/pkg/controllers/cleanup/controller.go:178.3,178.21 1 0
github.com/kyverno/kyverno/pkg/controllers/cleanup/controller.go:182.118,200.16 9 0
github.com/kyverno/kyverno/pkg/controllers/cleanup/controller.go:200.16,202.3 1 0
github.com/kyverno/kyverno/pkg/controllers/cleanup/controller.go:203.2,203.26 1 0
github.com/kyverno/kyverno/pkg/controllers/cleanup/controller.go:203.26,213.17 5 0
github.com/kyverno/kyverno/pkg/controllers/cleanup/controller.go:213.17,216.45 3 0
github.com/kyverno/kyverno/pkg/controllers/cleanup/controller.go:216.45,218.5 1 0
github.com/kyverno/kyverno/pkg/controllers/cleanup/controller.go:219.9,220.30 1 0
github.com/kyverno/kyverno/pkg/controllers/cleanup/controller.go:220.30,228.75 6 0
github.com/kyverno/kyverno/pkg/controllers/cleanup/controller.go:228.75,230.14 2 0
github.com/kyverno/kyverno/pkg/controllers/cleanup/controller.go:234.5,234.107 1 0
github.com/kyverno/kyverno/pkg/controllers/cleanup/controller.go:234.107,235.14 1 0
github.com/kyverno/kyverno/pkg/controllers/cleanup/controller.go:238.5,239.24 2 0
github.com/kyverno/kyverno/pkg/controllers/cleanup/controller.go:239.24,241.20 2 0
github.com/kyverno/kyverno/pkg/controllers/cleanup/controller.go:241.20,244.7 2 0
github.com/kyverno/kyverno/pkg/controllers/cleanup/controller.go:245.6,245.31 1 0
github.com/kyverno/kyverno/pkg/controllers/cleanup/controller.go:248.5,248.81 1 0
github.com/kyverno/kyverno/pkg/controllers/cleanup/controller.go:248.81,250.6 1 0
github.com/kyverno/kyverno/pkg/controllers/cleanup/controller.go:252.5,262.23 2 0
github.com/kyverno/kyverno/pkg/controllers/cleanup/controller.go:262.23,264.14 2 0
github.com/kyverno/kyverno/pkg/controllers/cleanup/controller.go:266.5,266.37 1 0
github.com/kyverno/kyverno/pkg/controllers/cleanup/controller.go:266.37,277.25 2 0
github.com/kyverno/kyverno/pkg/controllers/cleanup/controller.go:277.25,279.15 2 0
github.com/kyverno/kyverno/pkg/controllers/cleanup/controller.go:280.12,282.7 1 0
github.com/kyverno/kyverno/pkg/controllers/cleanup/controller.go:285.5,285.31 1 0
github.com/kyverno/kyverno/pkg/controllers/cleanup/controller.go:285.31,287.73 2 0
github.com/kyverno/kyverno/pkg/controllers/cleanup/controller.go:287.73,290.15 3 0
github.com/kyverno/kyverno/pkg/controllers/cleanup/controller.go:292.6,292.76 1 0
github.com/kyverno/kyverno/pkg/controllers/cleanup/controller.go:292.76,295.15 3 0
github.com/kyverno/kyverno/pkg/controllers/cleanup/controller.go:297.6,297.80 1 0
github.com/kyverno/kyverno/pkg/controllers/cleanup/controller.go:297.80,300.15 3 0
github.com/kyverno/kyverno/pkg/controllers/cleanup/controller.go:302.6,303.20 2 0
github.com/kyverno/kyverno/pkg/controllers/cleanup/controller.go:303.20,306.15 3 0
github.com/kyverno/kyverno/pkg/controllers/cleanup/controller.go:308.6,308.17 1 0
github.com/kyverno/kyverno/pkg/controllers/cleanup/controller.go:308.17,310.15 2 0
github.com/kyverno/kyverno/pkg/controllers/cleanup/controller.go:313.5,316.47 4 0
github.com/kyverno/kyverno/pkg/controllers/cleanup/controller.go:316.47,318.6 1 0
github.com/kyverno/kyverno/pkg/controllers/cleanup/controller.go:319.5,320.141 2 0
github.com/kyverno/kyverno/pkg/controllers/cleanup/controller.go:320.141,321.47 1 0
github.com/kyverno/kyverno/pkg/controllers/cleanup/controller.go:321.47,323.7 1 0
github.com/kyverno/kyverno/pkg/controllers/cleanup/controller.go:324.6,327.23 4 0
github.com/kyverno/kyverno/pkg/controllers/cleanup/controller.go:328.11,329.46 1 0
github.com/kyverno/kyverno/pkg/controllers/cleanup/controller.go:329.46,331.7 1 0
github.com/kyverno/kyverno/pkg/controllers/cleanup/controller.go:332.6,334.23 3 0
github.com/kyverno/kyverno/pkg/controllers/cleanup/controller.go:339.2,339.34 1 0
github.com/kyverno/kyverno/pkg/controllers/cleanup/controller.go:342.108,344.16 2 0
github.com/kyverno/kyverno/pkg/controllers/cleanup/controller.go:344.16,345.32 1 0
github.com/kyverno/kyverno/pkg/controllers/cleanup/controller.go:345.32,347.4 1 0
github.com/kyverno/kyverno/pkg/controllers/cleanup/controller.go:348.3,349.13 2 0
github.com/kyverno/kyverno/pkg/controllers/cleanup/controller.go:352.2,354.16 3 0
github.com/kyverno/kyverno/pkg/controllers/cleanup/controller.go:354.16,357.3 2 0
github.com/kyverno/kyverno/pkg/controllers/cleanup/controller.go:359.2,359.38 1 0
github.com/kyverno/kyverno/pkg/controllers/cleanup/controller.go:359.38,361.17 2 0
github.com/kyverno/kyverno/pkg/controllers/cleanup/controller.go:361.17,363.4 1 0
github.com/kyverno/kyverno/pkg/controllers/cleanup/controller.go:364.3,364.93 1 0
github.com/kyverno/kyverno/pkg/controllers/cleanup/controller.go:364.93,367.4 2 0
github.com/kyverno/kyverno/pkg/controllers/cleanup/controller.go:368.3,369.17 2 0
github.com/kyverno/kyverno/pkg/controllers/cleanup/controller.go:369.17,372.4 2 0
github.com/kyverno/kyverno/pkg/controllers/cleanup/controller.go:373.8,375.3 1 0
github.com/kyverno/kyverno/pkg/controllers/cleanup/controller.go:378.2,381.12 3 0
github.com/kyverno/kyverno/pkg/controllers/cleanup/controller.go:384.150,385.30 1 0
github.com/kyverno/kyverno/pkg/controllers/cleanup/controller.go:386.39,391.17 4 0
github.com/kyverno/kyverno/pkg/controllers/cleanup/controller.go:391.17,393.4 1 0
github.com/kyverno/kyverno/pkg/controllers/cleanup/controller.go:394.3,394.109 1 0
github.com/kyverno/kyverno/pkg/controllers/cleanup/controller.go:395.32,400.17 4 0
github.com/kyverno/kyverno/pkg/controllers/cleanup/controller.go:400.17,402.4 1 0
github.com/kyverno/kyverno/pkg/controllers/cleanup/controller.go:403.3,403.137 1 0
github.com/kyverno/kyverno/pkg/controllers/cleanup/controller.go:405.2,405.12 1 0
